logs/manifest-merger-debug-report.txt
-- Merging decision tree log ---
manifest
ADDED from src\main\AndroidManifest.
INJECTED from src\main\AndroidManifest.
INJECTED from src\main\AndroidManifest
INJECTED from src\main\AndroidManifest.
MERGED from [androidx.databinding:databinding-adapters:8.3.1] AndroidManifest.
MERGED from [androidx.databinding:databinding-ktx:8.3.1] AndroidManifest.
MERGED from [androidx.databinding:databinding-runtime:8.3.1] AndroidManifest.
MERGED from [:mylibrary] AndroidManifest
MERGED from [com.google.android.material:material:1.12.0] AndroidManifest.
MERGED from [androidx.room:room-ktx:2.6.1] AndroidManifest.
MERGED from [androidx.room:room-runtime:2.6.1] AndroidManifest
MERGED from [androidx.constraintlayout:constraintlayout:2.1.4] AndroidManifest.
MERGED from [androidx.appcompat:appcompat-resources:1.7.0] AndroidManifest.
MERGED from [androidx.appcompat:appcompat:1.7.0] AndroidManifest.
MERGED from [com.github.bumptech.glide:glide:4.16.0] AndroidManifest.
MERGED from [androidx.viewpager2:viewpager2:1.0.0] AndroidManifest.
MERGED from [androidx.fragment:fragment:1.5.4] AndroidManifest.
MERGED from [androidx.core:core-ktx:1.13.1] AndroidManifest.
MERGED from [androidx.emoji2:emoji2-views-helper:1.3.0] AndroidManifest.
MERGED from [androidx.emoji2:emoji2:1.3.0] AndroidManifest
MERGED from [androidx.drawerlayout:drawerlayout:1.1.1] AndroidManifest.
MERGED from [androidx.coordinatorlayout:coordinatorlayout:1.1.0] AndroidManifest.
MERGED from [androidx.transition:transition:1.5.0] AndroidManifest.
MERGED from [androidx.dynamicanimation:dynamicanimation:1.0.0] AndroidManifest.
MERGED from [androidx.vectordrawable:vectordrawable-animated:1.1.0] AndroidManifest
MERGED from [androidx.vectordrawable:vectordrawable:1.1.0] AndroidManifest
MERGED from [androidx.legacy:legacy-support-core-utils:1.0.0] AndroidManifest.

MERGED from [androidx.print:print:1.0.0] AndroidManifest.
	package
		INJECTED from src\main\AndroidManifest.
	android:versionName
		INJECTED from src\main\AndroidManifest.
	xmlns:tools
		ADDED from src\main\AndroidManifest.
	android:versionCode
		INJECTED from src\main\AndroidManifest.
	xmlns:android
		ADDED from src\main\AndroidManifest.
uses-permission#android.permission.INTERNET
ADDED from src\main\AndroidManifest.
		ADDED from src\main\AndroidManifest.
uses-permission#android.permission.READ_MEDIA_IMAGES
ADDED from src\main\AndroidManifest.
	android:name
		ADDED from src\main\AndroidManifest
application
ADDED from src\main\AndroidManifest.
INJECTED from src\main\AndroidManifest.
MERGED from [com.google.android.material:material:1.12.0] AndroidManifest.
MERGED from [com.google.android.material:material:1.12.0] AndroidManifest.
MERGED from [androidx.room:room-runtime:2.6.1] AndroidManifest.
MERGED from [androidx.room:room-runtime:2.6.1] AndroidManifest.
MERGED from [androidx.constraintlayout:constraintlayout:2.1.4] AndroidManifest.
MERGED from [androidx.constraintlayout:constraintlayout:2.1.4] AndroidManifest.
MERGED from [androidx.emoji2:emoji2:1.3.0] AndroidManifest.
MERGED from [androidx.emoji2:emoji2:1.3.0] AndroidManifest.
MERGED from [androidx.core:core:1.13.1] AndroidManifest.
MERGED from [androidx.core:core:1.13.1] AndroidManifest.
MERGED from [androidx.lifecycle:lifecycle-process:2.6.2] AndroidManifest.
MERGED from [androidx.lifecycle:lifecycle-process:2.6.2] AndroidManifest.
MERGED from [androidx.profileinstaller:profileinstaller:1.3.1] AndroidManifest.
MERGED from [androidx.profileinstaller:profileinstaller:1.3.1] AndroidManifest.
MERGED from [androidx.startup:startup-runtime:1.1.1] AndroidManifest.
MERGED from [androidx.startup:startup-runtime:1.1.1] AndroidManifest.
MERGED from [androidx.versionedparcelable:versionedparcelable:1.1.1] AndroidManifest.
MERGED from [androidx.versionedparcelable:versionedparcelable:1.1.1] AndroidManifest.
	android:extractNativeLibs
		INJECTED from src\main\AndroidManifest.
	android:appComponentFactory
		ADDED from [androidx.core:core:1.13.1] AndroidManifest.:28:18-86
	android:supportsRtl
		ADDED from src\main\AndroidManifest.
	android:label
		ADDED from src\main\AndroidManifest.
	android:fullBackupContent
		ADDED from src\main\AndroidManifest.
	android:roundIcon
		ADDED from src\main\AndroidManifest.
	tools:targetApi
		ADDED from src\main\AndroidManifest.
	android:icon
		ADDED from src\main\AndroidManifest
	android:allowBackup
		ADDED from src\main\AndroidManifest.
	android:theme
		ADDED from src\main\AndroidManifest.
	android:dataExtractionRules
		ADDED from src\main\AndroidManifest.
activity#com.zzh.echarging.zzh_MainActivity
ADDED from src\main\AndroidManifest
	android:exported
		ADDED from src\main\AndroidManifest.
	android:name
		ADDED from src\main\AndroidManifest.
activity#com.zzh.echarging.LoginActivity
ADDED from src\main\AndroidManifest.
	android:exported
		ADDED from src\main\AndroidManifest
	android:name
		ADDED from src\main\AndroidManifest.
intent-filter#action:name:android.intent.action.MAIN+category:name:android.intent.category.LAUNCHER
ADDED from src\main\AndroidManifest.
ADDED from src\main\AndroidManifest.
		ADDED from src\main\AndroidManifest.
category#android.intent.category.LAUNCHER
ADDED from src\main\AndroidManifest
	android:name
		ADDED from src\main\AndroidManifest.
activity#com.zzh.echarging.zzh_RegisterActivity
ADDED from src\main\AndroidManifest.
	android:exported
		ADDED from src\main\AndroidManifest.
	android:name
		ADDED from src\main\AndroidManifest.
provider#androidx.core.content.FileProvider
ADDED from src\main\AndroidManifest.xml:38:9-46:20
	android:grantUriPermissions
		ADDED from src\main\AndroidManifest.
	android:authorities
		ADDED from src\main\AndroidManifest.
	android:exported
		ADDED from src\main\AndroidManifest.
	android:name
		ADDED from src\main\AndroidManifest.
meta-data#FILE_PROVIDER_PATHS
ADDED from src\main\AndroidManifest.xml:43:13-45:49
	android:resource
		ADDED from src\main\AndroidManifest.
	android:name
		ADDED from src\main\AndroidManifest
uses-sdk
INJECTED from src\main\AndroidManifest.xml reason: use-sdk injection requested
INJECTED from src\main\AndroidManifest.xml
INJECTED from src\main\AndroidManifest.xml
MERGED from [androidx.databinding:databinding-adapters:8.3.1] AndroidManifest.
MERGED from [androidx.databinding:databinding-adapters:8.3.1] AndroidManifest.
MERGED from [androidx.databinding:databinding-ktx:8.3.1] AndroidManifest.xml:5:5-44
MERGED from [androidx.databinding:databinding-ktx:8.3.1] AndroidManifest.xml:5:5-44
MERGED from [androidx.databinding:databinding-runtime:8.3.1] AndroidManifest.
MERGED from [androidx.databinding:databinding-runtime:8.3.1] AndroidManifest.
MERGED from [:mylibrary] AndroidManifest.
MERGED from [:mylibrary] AndroidManifest.


	tools:node
		ADDED from [androidx.emoji2:emoji2:1.3.0] AndroidManifest.
	android:authorities
		ADDED from [androidx.emoji2:emoji2:1.3.0] AndroidManifest.
	android:exported
		ADDED from [androidx.emoji2:emoji2:1.3.0] AndroidManifest.
	android:name
		ADDED from [androidx.emoji2:emoji2:1.3.0] AndroidManifest.
meta-data#androidx.emoji2.text.EmojiCompatInitializer
ADDED from [androidx.emoji2:emoji2:1.3.0] AndroidManifest.xml:29:13-31:52
	android:value
		ADDED from [androidx.emoji2:emoji2:1.3.0] AndroidManifest.
	android:name
		ADDED from [androidx.emoji2:emoji2:1.3.0] AndroidManifest.
permission#${applicationId}.DYNAMIC_RECEIVER_NOT_EXPORTED_PERMISSION
ADDED from [androidx.core:core:1.13.1] AndroidManifest.
	android:protectionLevel
		ADDED from [androidx.core:core:1.13.1] AndroidManifest.
	android:name
		ADDED from [androidx.core:core:1.13.1] AndroidManifest.
permission#com.zzh.echarging.DYNAMIC_RECEIVER_NOT_EXPORTED_PERMISSION
ADDED from [androidx.core:core:1.13.1] AndroidManifest.
	android:protectionLevel
		ADDED from [androidx.core:core:1.13.1] AndroidManifest.
	android:name
		ADDED from [androidx.core:core:1.13.1] AndroidManifest
uses-permission#${applicationId}.DYNAMIC_RECEIVER_NOT_EXPORTED_PERMISSION
ADDED from [androidx.core:core:1.13.1] AndroidManifest.
	android:name
		ADDED from [androidx.core:core:1.13.1] AndroidManifest
uses-permission#com.zzh.echarging.DYNAMIC_RECEIVER_NOT_EXPORTED_PERMISSION
ADDED from [androidx.core:core:1.13.1] AndroidManifest.
	android:name
		ADDED from [androidx.core:core:1.13.1] AndroidManifest.
meta-data#androidx.lifecycle.ProcessLifecycleInitializer
ADDED from [androidx.lifecycle:lifecycle-process:2.6.2] AndroidManifest.
		ADDED from [androidx.lifecycle:lifecycle-process:2.6.2] AndroidManifest.
	android:name
		ADDED from [androidx.lifecycle:lifecycle-process:2.6.2] AndroidManifest
meta-data#androidx.profileinstaller.ProfileInstallerInitializer
ADDED from [androidx.profileinstaller:profileinstaller:1.3.1] AndroidManifest.xml:29:13-31:52
	android:value
		ADDED from [androidx.profileinstaller:profileinstaller:1.3.1] AndroidManifest.
	android:name
		ADDED from [androidx.profileinstaller:profileinstaller:1.3.1] AndroidManifest.
receiver#androidx.profileinstaller.ProfileInstallReceiver

	